AH00558: httpd.exe: Could not reliably determine the server's fully qualified domain name, using fe80::24fb:9faf:49b5:bb8b. Set the 'ServerName' directive globally to suppress this message
[Thu Apr 07 17:46:56.509548 2022] [mpm_winnt:notice] [pid 78776:tid 804] AH00455: Apache/2.4.43 (Win32) configured -- resuming normal operations
[Thu Apr 07 17:46:56.509548 2022] [mpm_winnt:notice] [pid 78776:tid 804] AH00456: Server built: Apr 21 2020 13:46:54
[Thu Apr 07 17:46:56.509548 2022] [core:notice] [pid 78776:tid 804] AH00094: Command line: 'C:\\Users\\marie\\AppData\\Roaming\\Local\\lightning-services\\apache-2.4.43+6\\bin\\win32\\bin\\httpd.exe -d C:/Users/marie/AppData/Roaming/Local/lightning-services/apache-2.4.43+6/bin/win32 -D FOREGROUND -f C:\\Users\\marie\\AppData\\Roaming\\Local\\run\\2M4Axl4jU\\conf\\apache\\apache2.conf'
[Thu Apr 07 17:46:56.511646 2022] [mpm_winnt:notice] [pid 78776:tid 804] AH00418: Parent: Created child process 75288
AH00558: httpd.exe: Could not reliably determine the server's fully qualified domain name, using fe80::24fb:9faf:49b5:bb8b. Set the 'ServerName' directive globally to suppress this message
AH00558: httpd.exe: Could not reliably determine the server's fully qualified domain name, using fe80::24fb:9faf:49b5:bb8b. Set the 'ServerName' directive globally to suppress this message
[Thu Apr 07 17:46:56.924059 2022] [mpm_winnt:notice] [pid 75288:tid 784] AH00354: Child: Starting 64 worker threads.
[Thu Apr 07 19:07:51.985847 2022] [mpm_winnt:notice] [pid 78776:tid 804] AH00428: Parent: child process 75288 exited with status 1 -- Restarting.
AH00558: httpd.exe: Could not reliably determine the server's fully qualified domain name, using fe80::24fb:9faf:49b5:bb8b. Set the 'ServerName' directive globally to suppress this message
[Thu Apr 07 19:08:34.648765 2022] [core:warn] [pid 6108:tid 784] AH00098: pid file C:/Users/marie/AppData/Roaming/Local/run/2M4Axl4jU/apache/logs/httpd.pid overwritten -- Unclean shutdown of previous Apache run?
[Thu Apr 07 19:08:34.650766 2022] [mpm_winnt:notice] [pid 6108:tid 784] AH00455: Apache/2.4.43 (Win32) configured -- resuming normal operations
[Thu Apr 07 19:08:34.650766 2022] [mpm_winnt:notice] [pid 6108:tid 784] AH00456: Server built: Apr 21 2020 13:46:54
[Thu Apr 07 19:08:34.650766 2022] [core:notice] [pid 6108:tid 784] AH00094: Command line: 'C:\\Users\\marie\\AppData\\Roaming\\Local\\lightning-services\\apache-2.4.43+6\\bin\\win32\\bin\\httpd.exe -d C:/Users/marie/AppData/Roaming/Local/lightning-services/apache-2.4.43+6/bin/win32 -D FOREGROUND -f C:\\Users\\marie\\AppData\\Roaming\\Local\\run\\2M4Axl4jU\\conf\\apache\\apache2.conf'
[Thu Apr 07 19:08:34.653384 2022] [mpm_winnt:notice] [pid 6108:tid 784] AH00418: Parent: Created child process 80072
AH00558: httpd.exe: Could not reliably determine the server's fully qualified domain name, using fe80::24fb:9faf:49b5:bb8b. Set the 'ServerName' directive globally to suppress this message
AH00558: httpd.exe: Could not reliably determine the server's fully qualified domain name, using fe80::24fb:9faf:49b5:bb8b. Set the 'ServerName' directive globally to suppress this message
[Thu Apr 07 19:08:35.107786 2022] [mpm_winnt:notice] [pid 80072:tid 4] AH00354: Child: Starting 64 worker threads.
AH00558: httpd.exe: Could not reliably determine the server's fully qualified domain name, using fe80::24fb:9faf:49b5:bb8b. Set the 'ServerName' directive globally to suppress this message
[Fri Apr 08 09:38:29.072607 2022] [core:warn] [pid 16620:tid 560] AH00098: pid file C:/Users/marie/AppData/Roaming/Local/run/2M4Axl4jU/apache/logs/httpd.pid overwritten -- Unclean shutdown of previous Apache run?
[Fri Apr 08 09:38:29.074607 2022] [mpm_winnt:notice] [pid 16620:tid 560] AH00455: Apache/2.4.43 (Win32) configured -- resuming normal operations
[Fri Apr 08 09:38:29.074607 2022] [mpm_winnt:notice] [pid 16620:tid 560] AH00456: Server built: Apr 21 2020 13:46:54
[Fri Apr 08 09:38:29.074607 2022] [core:notice] [pid 16620:tid 560] AH00094: Command line: 'C:\\Users\\marie\\AppData\\Roaming\\Local\\lightning-services\\apache-2.4.43+6\\bin\\win32\\bin\\httpd.exe -d C:/Users/marie/AppData/Roaming/Local/lightning-services/apache-2.4.43+6/bin/win32 -D FOREGROUND -f C:\\Users\\marie\\AppData\\Roaming\\Local\\run\\2M4Axl4jU\\conf\\apache\\apache2.conf'
[Fri Apr 08 09:38:29.077607 2022] [mpm_winnt:notice] [pid 16620:tid 560] AH00418: Parent: Created child process 11788
AH00558: httpd.exe: Could not reliably determine the server's fully qualified domain name, using fe80::24fb:9faf:49b5:bb8b. Set the 'ServerName' directive globally to suppress this message
AH00558: httpd.exe: Could not reliably determine the server's fully qualified domain name, using fe80::24fb:9faf:49b5:bb8b. Set the 'ServerName' directive globally to suppress this message
[Fri Apr 08 09:38:29.653574 2022] [mpm_winnt:notice] [pid 11788:tid 828] AH00354: Child: Starting 64 worker threads.
AH00558: httpd.exe: Could not reliably determine the server's fully qualified domain name, using fe80::24fb:9faf:49b5:bb8b. Set the 'ServerName' directive globally to suppress this message
[Fri Apr 08 13:17:18.433760 2022] [core:warn] [pid 7144:tid 804] AH00098: pid file C:/Users/marie/AppData/Roaming/Local/run/2M4Axl4jU/apache/logs/httpd.pid overwritten -- Unclean shutdown of previous Apache run?
[Fri Apr 08 13:17:18.435760 2022] [mpm_winnt:notice] [pid 7144:tid 804] AH00455: Apache/2.4.43 (Win32) configured -- resuming normal operations
[Fri Apr 08 13:17:18.435760 2022] [mpm_winnt:notice] [pid 7144:tid 804] AH00456: Server built: Apr 21 2020 13:46:54
[Fri Apr 08 13:17:18.435760 2022] [core:notice] [pid 7144:tid 804] AH00094: Command line: 'C:\\Users\\marie\\AppData\\Roaming\\Local\\lightning-services\\apache-2.4.43+6\\bin\\win32\\bin\\httpd.exe -d C:/Users/marie/AppData/Roaming/Local/lightning-services/apache-2.4.43+6/bin/win32 -D FOREGROUND -f C:\\Users\\marie\\AppData\\Roaming\\Local\\run\\2M4Axl4jU\\conf\\apache\\apache2.conf'
[Fri Apr 08 13:17:18.437760 2022] [mpm_winnt:notice] [pid 7144:tid 804] AH00418: Parent: Created child process 22536
AH00558: httpd.exe: Could not reliably determine the server's fully qualified domain name, using fe80::24fb:9faf:49b5:bb8b. Set the 'ServerName' directive globally to suppress this message
AH00558: httpd.exe: Could not reliably determine the server's fully qualified domain name, using fe80::24fb:9faf:49b5:bb8b. Set the 'ServerName' directive globally to suppress this message
[Fri Apr 08 13:17:19.002775 2022] [mpm_winnt:notice] [pid 22536:tid 824] AH00354: Child: Starting 64 worker threads.
AH00558: httpd.exe: Could not reliably determine the server's fully qualified domain name, using fe80::24fb:9faf:49b5:bb8b. Set the 'ServerName' directive globally to suppress this message
[Fri Apr 08 15:14:33.273350 2022] [core:warn] [pid 13420:tid 508] AH00098: pid file C:/Users/marie/AppData/Roaming/Local/run/2M4Axl4jU/apache/logs/httpd.pid overwritten -- Unclean shutdown of previous Apache run?
[Fri Apr 08 15:14:33.275348 2022] [mpm_winnt:notice] [pid 13420:tid 508] AH00455: Apache/2.4.43 (Win32) configured -- resuming normal operations
[Fri Apr 08 15:14:33.275348 2022] [mpm_winnt:notice] [pid 13420:tid 508] AH00456: Server built: Apr 21 2020 13:46:54
[Fri Apr 08 15:14:33.275348 2022] [core:notice] [pid 13420:tid 508] AH00094: Command line: 'C:\\Users\\marie\\AppData\\Roaming\\Local\\lightning-services\\apache-2.4.43+6\\bin\\win32\\bin\\httpd.exe -d C:/Users/marie/AppData/Roaming/Local/lightning-services/apache-2.4.43+6/bin/win32 -D FOREGROUND -f C:\\Users\\marie\\AppData\\Roaming\\Local\\run\\2M4Axl4jU\\conf\\apache\\apache2.conf'
[Fri Apr 08 15:14:33.277348 2022] [mpm_winnt:notice] [pid 13420:tid 508] AH00418: Parent: Created child process 17832
AH00558: httpd.exe: Could not reliably determine the server's fully qualified domain name, using fe80::24fb:9faf:49b5:bb8b. Set the 'ServerName' directive globally to suppress this message
AH00558: httpd.exe: Could not reliably determine the server's fully qualified domain name, using fe80::24fb:9faf:49b5:bb8b. Set the 'ServerName' directive globally to suppress this message
[Fri Apr 08 15:14:33.675672 2022] [mpm_winnt:notice] [pid 17832:tid 812] AH00354: Child: Starting 64 worker threads.
AH00558: httpd.exe: Could not reliably determine the server's fully qualified domain name, using fe80::24fb:9faf:49b5:bb8b. Set the 'ServerName' directive globally to suppress this message
[Fri Apr 08 15:21:51.040204 2022] [core:warn] [pid 4024:tid 764] AH00098: pid file C:/Users/marie/AppData/Roaming/Local/run/2M4Axl4jU/apache/logs/httpd.pid overwritten -- Unclean shutdown of previous Apache run?
[Fri Apr 08 15:21:51.042257 2022] [mpm_winnt:notice] [pid 4024:tid 764] AH00455: Apache/2.4.43 (Win32) configured -- resuming normal operations
[Fri Apr 08 15:21:51.042257 2022] [mpm_winnt:notice] [pid 4024:tid 764] AH00456: Server built: Apr 21 2020 13:46:54
[Fri Apr 08 15:21:51.042257 2022] [core:notice] [pid 4024:tid 764] AH00094: Command line: 'C:\\Users\\marie\\AppData\\Roaming\\Local\\lightning-services\\apache-2.4.43+6\\bin\\win32\\bin\\httpd.exe -d C:/Users/marie/AppData/Roaming/Local/lightning-services/apache-2.4.43+6/bin/win32 -D FOREGROUND -f C:\\Users\\marie\\AppData\\Roaming\\Local\\run\\2M4Axl4jU\\conf\\apache\\apache2.conf'
[Fri Apr 08 15:21:51.044264 2022] [mpm_winnt:notice] [pid 4024:tid 764] AH00418: Parent: Created child process 2200
AH00558: httpd.exe: Could not reliably determine the server's fully qualified domain name, using fe80::24fb:9faf:49b5:bb8b. Set the 'ServerName' directive globally to suppress this message
AH00558: httpd.exe: Could not reliably determine the server's fully qualified domain name, using fe80::24fb:9faf:49b5:bb8b. Set the 'ServerName' directive globally to suppress this message
[Fri Apr 08 15:21:51.448912 2022] [mpm_winnt:notice] [pid 2200:tid 828] AH00354: Child: Starting 64 worker threads.
AH00558: httpd.exe: Could not reliably determine the server's fully qualified domain name, using fe80::24fb:9faf:49b5:bb8b. Set the 'ServerName' directive globally to suppress this message
[Fri Apr 08 15:48:18.793502 2022] [core:warn] [pid 14052:tid 672] AH00098: pid file C:/Users/marie/AppData/Roaming/Local/run/2M4Axl4jU/apache/logs/httpd.pid overwritten -- Unclean shutdown of previous Apache run?
[Fri Apr 08 15:48:18.795502 2022] [mpm_winnt:notice] [pid 14052:tid 672] AH00455: Apache/2.4.43 (Win32) configured -- resuming normal operations
[Fri Apr 08 15:48:18.795502 2022] [mpm_winnt:notice] [pid 14052:tid 672] AH00456: Server built: Apr 21 2020 13:46:54
[Fri Apr 08 15:48:18.795502 2022] [core:notice] [pid 14052:tid 672] AH00094: Command line: 'C:\\Users\\marie\\AppData\\Roaming\\Local\\lightning-services\\apache-2.4.43+6\\bin\\win32\\bin\\httpd.exe -d C:/Users/marie/AppData/Roaming/Local/lightning-services/apache-2.4.43+6/bin/win32 -D FOREGROUND -f C:\\Users\\marie\\AppData\\Roaming\\Local\\run\\2M4Axl4jU\\conf\\apache\\apache2.conf'
[Fri Apr 08 15:48:18.797502 2022] [mpm_winnt:notice] [pid 14052:tid 672] AH00418: Parent: Created child process 19048
AH00558: httpd.exe: Could not reliably determine the server's fully qualified domain name, using fe80::24fb:9faf:49b5:bb8b. Set the 'ServerName' directive globally to suppress this message
AH00558: httpd.exe: Could not reliably determine the server's fully qualified domain name, using fe80::24fb:9faf:49b5:bb8b. Set the 'ServerName' directive globally to suppress this message
[Fri Apr 08 15:48:19.188480 2022] [mpm_winnt:notice] [pid 19048:tid 800] AH00354: Child: Starting 64 worker threads.
